<?xml version="1.0" encoding="UTF-8"?>
<!-- Generated by org.testng.reporters.JUnitReportReporter -->
<testsuite name="com.crm.qa.testcases.ContactPageTest" tests="1" time="20.976" ignored="0" failures="0" timestamp="17 Feb 2019 20:22:31 GMT" skipped="0" hostname="DESKTOP-VPGNVVF" errors="0">
  <testcase name="getDatafromTable" time="20.976" classname="com.crm.qa.testcases.ContactPageTest"/>
</testsuite> <!-- com.crm.qa.testcases.ContactPageTest -->
