<?xml version="1.0" encoding="UTF-8"?>
<!-- Generated by org.testng.reporters.JUnitReportReporter -->
<testsuite name="com.crm.qa.testcases.LoginPageTest" tests="2" time="45.509" ignored="0" failures="0" timestamp="25 Feb 2019 20:00:51 GMT" skipped="0" hostname="DESKTOP-VPGNVVF" errors="0">
  <testcase name="logintest" time="30.223" classname="com.crm.qa.testcases.LoginPageTest"/>
  <testcase name="validateCRMLogo" time="15.286" classname="com.crm.qa.testcases.LoginPageTest"/>
</testsuite> <!-- com.crm.qa.testcases.LoginPageTest -->
