<?xml version="1.0" encoding="UTF-8"?>
<!-- Generated by org.testng.reporters.JUnitReportReporter -->
<testsuite name="com.crm.qa.testcases.ContactPageTest" tests="1" time="22.684" ignored="3" failures="0" timestamp="24 Jan 2019 20:27:59 GMT" skipped="0" hostname="DESKTOP-VPGNVVF" errors="0">
  <testcase name="createNewContact" time="22.684" classname="com.crm.qa.testcases.ContactPageTest"/>
  <testcase name="selectmultipleName" classname="com.crm.qa.testcases.ContactPageTest">
    <skipped/>
  </testcase> <!-- selectmultipleName -->
  <testcase name="verifyLabelName" classname="com.crm.qa.testcases.ContactPageTest">
    <skipped/>
  </testcase> <!-- verifyLabelName -->
  <testcase name="selectName" classname="com.crm.qa.testcases.ContactPageTest">
    <skipped/>
  </testcase> <!-- selectName -->
</testsuite> <!-- com.crm.qa.testcases.ContactPageTest -->
