<?xml version="1.0" encoding="UTF-8"?>
<!-- Generated by org.testng.reporters.JUnitReportReporter -->
<testsuite name="com.crm.qa.testcases.LoginPageTest" tests="3" time="55.722" ignored="0" failures="0" timestamp="17 Feb 2019 15:32:56 GMT" skipped="0" hostname="DESKTOP-VPGNVVF" errors="0">
  <testcase name="initialization" time="20.542" classname="com.crm.qa.testcases.LoginPageTest"/>
  <testcase name="logintest" time="25.019" classname="com.crm.qa.testcases.LoginPageTest"/>
  <testcase name="validateCRMLogo" time="10.161" classname="com.crm.qa.testcases.LoginPageTest"/>
</testsuite> <!-- com.crm.qa.testcases.LoginPageTest -->
