<?xml version="1.0" encoding="UTF-8"?>
<!-- Generated by org.testng.reporters.JUnitReportReporter -->
<testsuite name="com.crm.qa.testcases.LoginPageTest" tests="3" time="44.963" ignored="0" failures="0" timestamp="22 Jan 2019 19:10:58 GMT" skipped="0" hostname="DESKTOP-VPGNVVF" errors="0">
  <testcase name="validateCRMLogo" time="11.811" classname="com.crm.qa.testcases.LoginPageTest"/>
  <testcase name="logintitleValidate" time="12.442" classname="com.crm.qa.testcases.LoginPageTest"/>
  <testcase name="logintest" time="20.710" classname="com.crm.qa.testcases.LoginPageTest"/>
</testsuite> <!-- com.crm.qa.testcases.LoginPageTest -->
