<?xml version="1.0" encoding="UTF-8"?>
<!-- Generated by org.testng.reporters.JUnitReportReporter -->
<testsuite name="com.crm.qa.testcases.HomePageTest" tests="2" time="40.029" ignored="0" failures="0" timestamp="22 Jan 2019 19:10:58 GMT" skipped="0" hostname="DESKTOP-VPGNVVF" errors="0">
  <testcase name="ValidateUserName" time="22.151" classname="com.crm.qa.testcases.HomePageTest"/>
  <testcase name="ValidateHomePageTitleTest" time="17.878" classname="com.crm.qa.testcases.HomePageTest"/>
</testsuite> <!-- com.crm.qa.testcases.HomePageTest -->
