<?xml version="1.0" encoding="UTF-8"?>
<!-- Generated by org.testng.reporters.JUnitReportReporter -->
<testsuite name="com.crm.qa.testcases.HomePageTest" tests="1" time="28.223" ignored="0" failures="0" timestamp="24 Feb 2019 10:25:55 GMT" skipped="0" hostname="DESKTOP-VPGNVVF" errors="0">
  <testcase name="ValidateUserName" time="28.223" classname="com.crm.qa.testcases.HomePageTest"/>
</testsuite> <!-- com.crm.qa.testcases.HomePageTest -->
