<?xml version="1.0" encoding="UTF-8"?>
<!-- Generated by org.testng.reporters.JUnitReportReporter -->
<testsuite name="com.crm.qa.testcases.LoginPageTest" tests="2" time="34.638" ignored="0" failures="0" timestamp="24 Feb 2019 08:32:57 GMT" skipped="0" hostname="DESKTOP-VPGNVVF" errors="0">
  <testcase name="validateCRMLogo" time="16.361" classname="com.crm.qa.testcases.LoginPageTest"/>
  <testcase name="logintest" time="18.277" classname="com.crm.qa.testcases.LoginPageTest"/>
</testsuite> <!-- com.crm.qa.testcases.LoginPageTest -->
