<?xml version="1.0" encoding="UTF-8"?>
<!-- Generated by org.testng.reporters.JUnitReportReporter -->
<testsuite name="com.crm.qa.testcases.LoginPageTest" tests="2" time="43.159" ignored="0" failures="0" timestamp="24 Feb 2019 10:25:55 GMT" skipped="0" hostname="DESKTOP-VPGNVVF" errors="0">
  <testcase name="validateCRMLogo" time="14.531" classname="com.crm.qa.testcases.LoginPageTest"/>
  <testcase name="logintest" time="28.628" classname="com.crm.qa.testcases.LoginPageTest"/>
</testsuite> <!-- com.crm.qa.testcases.LoginPageTest -->
